Using pre-set license

 COMMAND LINE ARGUMENTS:
/Applications/Unity/Hub/Editor/2020.3.0f1/Unity.app/Contents/MacOS/Unity
-adb2
-batchMode
-noUpm
-name
AssetImportWorker0
-projectPath
/Users/kawachi/Documents/StepAsideUnityChan
-logFile
Logs/AssetImportWorker0.log
-srvPort
50568
Successfully changed project path to: /Users/kawachi/Documents/StepAsideUnityChan
/Users/kawachi/Documents/StepAsideUnityChan
Using Asset Import Pipeline V2.
Refreshing native plugins compatible for Editor in 30.58 ms, found 1 plugins.
Preloading 0 native plugins for Editor in 0.00 ms.
Initialize engine version: 2020.3.0f1 (c7b5465681fb)
[Subsystems] Discovering subsystems at path /Applications/Unity/Hub/Editor/2020.3.0f1/Unity.app/Contents/Resources/UnitySubsystems
[Subsystems] Discovering subsystems at path /Users/kawachi/Documents/StepAsideUnityChan/Assets
GfxDevice: creating device client; threaded=0
2021-08-06 12:54:38.963 Unity[24256:1599473] Color LCD preferred device: Intel(R) Iris(TM) Plus Graphics (low power)
2021-08-06 12:54:38.963 Unity[24256:1599473] Metal devices available: 1
2021-08-06 12:54:38.963 Unity[24256:1599473] 0: Intel(R) Iris(TM) Plus Graphics (low power)
2021-08-06 12:54:38.964 Unity[24256:1599473] Using device Intel(R) Iris(TM) Plus Graphics (low power)
Initializing Metal device caps: Intel(R) Iris(TM) Plus Graphics
Initialize mono
Mono path[0] = '/Applications/Unity/Hub/Editor/2020.3.0f1/Unity.app/Contents/Managed'
Mono path[1] = '/Applications/Unity/Hub/Editor/2020.3.0f1/Unity.app/Contents/MonoBleedingEdge/lib/mono/unityjit'
Mono config path = '/Applications/Unity/Hub/Editor/2020.3.0f1/Unity.app/Contents/MonoBleedingEdge/etc'
Using monoOptions --debugger-agent=transport=dt_socket,embedding=1,server=y,suspend=n,address=127.0.0.1:56256
Begin MonoManager ReloadAssembly
Registering precompiled unity dll's ...
Register platform support module: /Applications/Unity/Hub/Editor/2020.3.0f1/Unity.app/Contents/PlaybackEngines/MacStandaloneSupport/UnityEditor.OSXStandalone.Extensions.dll
Registered in 0.004444 seconds.
Native extension for OSXStandalone target not found
Refreshing native plugins compatible for Editor in 34.08 ms, found 1 plugins.
Preloading 0 native plugins for Editor in 0.00 ms.
Invoked RoslynAnalysisRunner static constructor.
RoslynAnalysisRunner will not be running.
RoslynAnalysisRunner has terminated.
Mono: successfully reloaded assembly
- Completed reload, in  2.422 seconds
Platform modules already initialized, skipping
Registering precompiled user dll's ...
Registered in 0.001984 seconds.
Begin MonoManager ReloadAssembly
Native extension for OSXStandalone target not found
Refreshing native plugins compatible for Editor in 0.25 ms, found 1 plugins.
Preloading 0 native plugins for Editor in 0.00 ms.
Invoked RoslynAnalysisRunner static constructor.
RoslynAnalysisRunner will not be running.
RoslynAnalysisRunner has terminated.
Mono: successfully reloaded assembly
- Completed reload, in  1.027 seconds
Platform modules already initialized, skipping
========================================================================
Worker process is ready to serve import requests
Launching external process: /Applications/Unity/Hub/Editor/2020.3.0f1/Unity.app/Contents/Tools/UnityShaderCompiler
Launched and connected shader compiler UnityShaderCompiler after 0.02 seconds
Refreshing native plugins compatible for Editor in 0.24 ms, found 1 plugins.
Preloading 0 native plugins for Editor in 0.00 ms.
Unloading 1143 Unused Serialized files (Serialized files now loaded: 0)
System memory in use before: 137.7 MB.
System memory in use after: 137.8 MB.

Unloading 10 unused Assets to reduce memory usage. Loaded Objects now: 1608.
Total: 2.855883 ms (FindLiveObjects: 0.303407 ms CreateObjectMapping: 0.106508 ms MarkObjects: 2.258861 ms  DeleteObjects: 0.184141 ms)

========================================================================
Received Import Request.
  path: Assets/Item Delete.cs
  artifactKey: Guid(2fe30bfea1115455293397609423d7bf) Importer(815301076,1909f56bfc062723c751e8b465ee728b)
Start importing Assets/Item Delete.cs using Guid(2fe30bfea1115455293397609423d7bf) Importer(815301076,1909f56bfc062723c751e8b465ee728b)  -> (artifact id: '1a71c079f73a0ae9959c37d24f2229fc') in 0.605772 seconds
  Import took 0.611349 seconds .

