Using pre-set license

 COMMAND LINE ARGUMENTS:
/Applications/Unity/Hub/Editor/2020.3.0f1/Unity.app/Contents/MacOS/Unity
-adb2
-batchMode
-noUpm
-name
AssetImportWorker0
-projectPath
/Users/kawachi/Documents/StepAsideUnityChan
-logFile
Logs/AssetImportWorker0.log
-srvPort
56646
Successfully changed project path to: /Users/kawachi/Documents/StepAsideUnityChan
/Users/kawachi/Documents/StepAsideUnityChan
Using Asset Import Pipeline V2.
Refreshing native plugins compatible for Editor in 39.09 ms, found 1 plugins.
Preloading 0 native plugins for Editor in 0.00 ms.
Initialize engine version: 2020.3.0f1 (c7b5465681fb)
[Subsystems] Discovering subsystems at path /Applications/Unity/Hub/Editor/2020.3.0f1/Unity.app/Contents/Resources/UnitySubsystems
[Subsystems] Discovering subsystems at path /Users/kawachi/Documents/StepAsideUnityChan/Assets
GfxDevice: creating device client; threaded=0
2021-08-10 10:26:24.726 Unity[30904:2275627] Color LCD preferred device: Intel(R) Iris(TM) Plus Graphics (low power)
2021-08-10 10:26:24.726 Unity[30904:2275627] Metal devices available: 1
2021-08-10 10:26:24.726 Unity[30904:2275627] 0: Intel(R) Iris(TM) Plus Graphics (low power)
2021-08-10 10:26:24.726 Unity[30904:2275627] Using device Intel(R) Iris(TM) Plus Graphics (low power)
Initializing Metal device caps: Intel(R) Iris(TM) Plus Graphics
Initialize mono
Mono path[0] = '/Applications/Unity/Hub/Editor/2020.3.0f1/Unity.app/Contents/Managed'
Mono path[1] = '/Applications/Unity/Hub/Editor/2020.3.0f1/Unity.app/Contents/MonoBleedingEdge/lib/mono/unityjit'
Mono config path = '/Applications/Unity/Hub/Editor/2020.3.0f1/Unity.app/Contents/MonoBleedingEdge/etc'
Using monoOptions --debugger-agent=transport=dt_socket,embedding=1,server=y,suspend=n,address=127.0.0.1:56904
Begin MonoManager ReloadAssembly
Registering precompiled unity dll's ...
Register platform support module: /Applications/Unity/Hub/Editor/2020.3.0f1/Unity.app/Contents/PlaybackEngines/MacStandaloneSupport/UnityEditor.OSXStandalone.Extensions.dll
Registered in 0.000591 seconds.
Native extension for OSXStandalone target not found
Refreshing native plugins compatible for Editor in 30.90 ms, found 1 plugins.
Preloading 0 native plugins for Editor in 0.00 ms.
Invoked RoslynAnalysisRunner static constructor.
RoslynAnalysisRunner will not be running.
RoslynAnalysisRunner has terminated.
Mono: successfully reloaded assembly
- Completed reload, in  3.202 seconds
Platform modules already initialized, skipping
Registering precompiled user dll's ...
Registered in 0.000570 seconds.
Begin MonoManager ReloadAssembly
Native extension for OSXStandalone target not found
Refreshing native plugins compatible for Editor in 0.47 ms, found 1 plugins.
Preloading 0 native plugins for Editor in 0.00 ms.
Invoked RoslynAnalysisRunner static constructor.
RoslynAnalysisRunner will not be running.
RoslynAnalysisRunner has terminated.
Mono: successfully reloaded assembly
- Completed reload, in  1.059 seconds
Platform modules already initialized, skipping
========================================================================
Worker process is ready to serve import requests
Launching external process: /Applications/Unity/Hub/Editor/2020.3.0f1/Unity.app/Contents/Tools/UnityShaderCompiler
Launched and connected shader compiler UnityShaderCompiler after 0.02 seconds
Refreshing native plugins compatible for Editor in 0.24 ms, found 1 plugins.
Preloading 0 native plugins for Editor in 0.00 ms.
Unloading 1143 Unused Serialized files (Serialized files now loaded: 0)
System memory in use before: 137.7 MB.
System memory in use after: 137.8 MB.

Unloading 10 unused Assets to reduce memory usage. Loaded Objects now: 1608.
Total: 2.394334 ms (FindLiveObjects: 0.138057 ms CreateObjectMapping: 0.030092 ms MarkObjects: 2.027405 ms  DeleteObjects: 0.176406 ms)

========================================================================
Received Import Request.
  path: Assets/Item Delete.cs
  artifactKey: Guid(2fe30bfea1115455293397609423d7bf) Importer(815301076,1909f56bfc062723c751e8b465ee728b)
Start importing Assets/Item Delete.cs using Guid(2fe30bfea1115455293397609423d7bf) Importer(815301076,1909f56bfc062723c751e8b465ee728b)  -> (artifact id: '6b148c9f4ebf533519f13beb015203f8') in 0.621609 seconds
  Import took 0.626294 seconds .

========================================================================
Received Prepare
Registering precompiled user dll's ...
Registered in 0.001569 seconds.
Begin MonoManager ReloadAssembly
Native extension for OSXStandalone target not found
Refreshing native plugins compatible for Editor in 0.24 ms, found 1 plugins.
Preloading 0 native plugins for Editor in 0.00 ms.
Invoked RoslynAnalysisRunner static constructor.
RoslynAnalysisRunner will not be running.
RoslynAnalysisRunner has terminated.
Mono: successfully reloaded assembly
- Completed reload, in  0.954 seconds
Platform modules already initialized, skipping
Switching build target platform(2) subTarget(0) extendedPlatform(0) -> platform(9) subTarget(16777218) extendedPlatform(0)
Refreshing native plugins compatible for Editor in 0.33 ms, found 1 plugins.
Preloading 0 native plugins for Editor in 0.00 ms.
Unloading 1130 Unused Serialized files (Serialized files now loaded: 0)
System memory in use before: 138.4 MB.
System memory in use after: 138.5 MB.

Unloading 5 unused Assets to reduce memory usage. Loaded Objects now: 1611.
Total: 2.216962 ms (FindLiveObjects: 0.190035 ms CreateObjectMapping: 0.053228 ms MarkObjects: 1.871734 ms  DeleteObjects: 0.100369 ms)

AssetImportParameters requested are different than current active one (requested -> active):
  custom:graphics/normal-map-encoding: 01000000000000000000000000000000 -> 02000000000000000000000000000000
========================================================================
Received Prepare
Registering precompiled user dll's ...
Registered in 0.002144 seconds.
Begin MonoManager ReloadAssembly
Native extension for OSXStandalone target not found
Refreshing native plugins compatible for Editor in 0.46 ms, found 1 plugins.
Preloading 0 native plugins for Editor in 0.00 ms.
Invoked RoslynAnalysisRunner static constructor.
RoslynAnalysisRunner will not be running.
RoslynAnalysisRunner has terminated.
Mono: successfully reloaded assembly
- Completed reload, in  1.510 seconds
Platform modules already initialized, skipping
Switching build target platform(2) subTarget(0) extendedPlatform(0) -> platform(9) subTarget(16777218) extendedPlatform(0)
Refreshing native plugins compatible for Editor in 0.27 ms, found 1 plugins.
Preloading 0 native plugins for Editor in 0.00 ms.
Unloading 1130 Unused Serialized files (Serialized files now loaded: 0)
System memory in use before: 138.7 MB.
System memory in use after: 138.8 MB.

Unloading 5 unused Assets to reduce memory usage. Loaded Objects now: 1614.
Total: 1.863483 ms (FindLiveObjects: 0.261281 ms CreateObjectMapping: 0.056898 ms MarkObjects: 1.457809 ms  DeleteObjects: 0.085631 ms)

AssetImportParameters requested are different than current active one (requested -> active):
  custom:graphics/normal-map-encoding: 01000000000000000000000000000000 -> 02000000000000000000000000000000
========================================================================
Received Import Request.
  Time since last request: 371.321342 seconds.
  path: Assets/Item Delete.cs
  artifactKey: Guid(2fe30bfea1115455293397609423d7bf) Importer(815301076,1909f56bfc062723c751e8b465ee728b)
Start importing Assets/Item Delete.cs using Guid(2fe30bfea1115455293397609423d7bf) Importer(815301076,1909f56bfc062723c751e8b465ee728b)  -> (artifact id: 'db5643fd7e95411be9b5c805acf2a48c') in 0.005599 seconds
  Import took 0.011558 seconds .

========================================================================
Received Import Request.
  Time since last request: 0.147234 seconds.
  path: Assets/Item Delete.cs
  artifactKey: Guid(2fe30bfea1115455293397609423d7bf) Importer(815301076,1909f56bfc062723c751e8b465ee728b)
Start importing Assets/Item Delete.cs using Guid(2fe30bfea1115455293397609423d7bf) Importer(815301076,1909f56bfc062723c751e8b465ee728b)  -> (artifact id: 'db5643fd7e95411be9b5c805acf2a48c') in 0.003693 seconds
  Import took 0.008285 seconds .

========================================================================
Received Prepare
Registering precompiled user dll's ...
Registered in 0.000447 seconds.
Begin MonoManager ReloadAssembly
Native extension for OSXStandalone target not found
Refreshing native plugins compatible for Editor in 0.86 ms, found 1 plugins.
Preloading 0 native plugins for Editor in 0.00 ms.
Invoked RoslynAnalysisRunner static constructor.
RoslynAnalysisRunner will not be running.
RoslynAnalysisRunner has terminated.
Mono: successfully reloaded assembly
- Completed reload, in  1.473 seconds
Platform modules already initialized, skipping
Switching build target platform(2) subTarget(0) extendedPlatform(0) -> platform(9) subTarget(16777218) extendedPlatform(0)
Refreshing native plugins compatible for Editor in 0.25 ms, found 1 plugins.
Preloading 0 native plugins for Editor in 0.00 ms.
Unloading 1130 Unused Serialized files (Serialized files now loaded: 0)
System memory in use before: 139.0 MB.
System memory in use after: 139.0 MB.

Unloading 5 unused Assets to reduce memory usage. Loaded Objects now: 1617.
Total: 2.025066 ms (FindLiveObjects: 0.254519 ms CreateObjectMapping: 0.057098 ms MarkObjects: 1.633342 ms  DeleteObjects: 0.078487 ms)

AssetImportParameters requested are different than current active one (requested -> active):
  custom:graphics/normal-map-encoding: 01000000000000000000000000000000 -> 02000000000000000000000000000000
========================================================================
Received Prepare
Registering precompiled user dll's ...
Registered in 0.000464 seconds.
Begin MonoManager ReloadAssembly
Native extension for OSXStandalone target not found
Refreshing native plugins compatible for Editor in 0.24 ms, found 1 plugins.
Preloading 0 native plugins for Editor in 0.00 ms.
Invoked RoslynAnalysisRunner static constructor.
RoslynAnalysisRunner will not be running.
RoslynAnalysisRunner has terminated.
Mono: successfully reloaded assembly
- Completed reload, in  0.975 seconds
Platform modules already initialized, skipping
Switching build target platform(2) subTarget(0) extendedPlatform(0) -> platform(9) subTarget(16777218) extendedPlatform(0)
Refreshing native plugins compatible for Editor in 0.24 ms, found 1 plugins.
Preloading 0 native plugins for Editor in 0.00 ms.
Unloading 1130 Unused Serialized files (Serialized files now loaded: 0)
System memory in use before: 139.1 MB.
System memory in use after: 139.2 MB.

Unloading 5 unused Assets to reduce memory usage. Loaded Objects now: 1620.
Total: 1.910148 ms (FindLiveObjects: 0.275039 ms CreateObjectMapping: 0.076995 ms MarkObjects: 1.443079 ms  DeleteObjects: 0.113420 ms)

AssetImportParameters requested are different than current active one (requested -> active):
  custom:graphics/normal-map-encoding: 01000000000000000000000000000000 -> 02000000000000000000000000000000
========================================================================
Received Prepare
Registering precompiled user dll's ...
Registered in 0.000443 seconds.
Begin MonoManager ReloadAssembly
Native extension for OSXStandalone target not found
Refreshing native plugins compatible for Editor in 0.25 ms, found 1 plugins.
Preloading 0 native plugins for Editor in 0.00 ms.
Invoked RoslynAnalysisRunner static constructor.
RoslynAnalysisRunner will not be running.
RoslynAnalysisRunner has terminated.
Mono: successfully reloaded assembly
- Completed reload, in  0.999 seconds
Platform modules already initialized, skipping
Switching build target platform(2) subTarget(0) extendedPlatform(0) -> platform(9) subTarget(16777218) extendedPlatform(0)
Refreshing native plugins compatible for Editor in 0.24 ms, found 1 plugins.
Preloading 0 native plugins for Editor in 0.00 ms.
Unloading 1130 Unused Serialized files (Serialized files now loaded: 0)
System memory in use before: 139.4 MB.
System memory in use after: 139.4 MB.

Unloading 5 unused Assets to reduce memory usage. Loaded Objects now: 1623.
Total: 2.387270 ms (FindLiveObjects: 0.267775 ms CreateObjectMapping: 0.054295 ms MarkObjects: 1.986355 ms  DeleteObjects: 0.075322 ms)

AssetImportParameters requested are different than current active one (requested -> active):
  custom:graphics/normal-map-encoding: 01000000000000000000000000000000 -> 02000000000000000000000000000000
========================================================================
Received Import Request.
  Time since last request: 206.064173 seconds.
  path: Assets/Item Delete.cs
  artifactKey: Guid(2fe30bfea1115455293397609423d7bf) Importer(815301076,1909f56bfc062723c751e8b465ee728b)
Start importing Assets/Item Delete.cs using Guid(2fe30bfea1115455293397609423d7bf) Importer(815301076,1909f56bfc062723c751e8b465ee728b)  -> (artifact id: '0c06e8aac0104c11c35b7e30556e193c') in 0.003507 seconds
  Import took 0.008833 seconds .

========================================================================
Received Import Request.
  Time since last request: 0.025745 seconds.
  path: Assets/Item Delete.cs
  artifactKey: Guid(2fe30bfea1115455293397609423d7bf) Importer(815301076,1909f56bfc062723c751e8b465ee728b)
Start importing Assets/Item Delete.cs using Guid(2fe30bfea1115455293397609423d7bf) Importer(815301076,1909f56bfc062723c751e8b465ee728b)  -> (artifact id: '0c06e8aac0104c11c35b7e30556e193c') in 0.001764 seconds
  Import took 0.005208 seconds .

========================================================================
Received Prepare
Registering precompiled user dll's ...
Registered in 0.000452 seconds.
Begin MonoManager ReloadAssembly
Native extension for OSXStandalone target not found
Refreshing native plugins compatible for Editor in 0.31 ms, found 1 plugins.
Preloading 0 native plugins for Editor in 0.00 ms.
Invoked RoslynAnalysisRunner static constructor.
RoslynAnalysisRunner will not be running.
RoslynAnalysisRunner has terminated.
Mono: successfully reloaded assembly
- Completed reload, in  1.061 seconds
Platform modules already initialized, skipping
Switching build target platform(2) subTarget(0) extendedPlatform(0) -> platform(9) subTarget(16777218) extendedPlatform(0)
Refreshing native plugins compatible for Editor in 0.42 ms, found 1 plugins.
Preloading 0 native plugins for Editor in 0.00 ms.
Unloading 1130 Unused Serialized files (Serialized files now loaded: 0)
System memory in use before: 139.6 MB.
System memory in use after: 139.6 MB.

Unloading 5 unused Assets to reduce memory usage. Loaded Objects now: 1626.
Total: 1.618087 ms (FindLiveObjects: 0.198799 ms CreateObjectMapping: 0.059522 ms MarkObjects: 1.281229 ms  DeleteObjects: 0.077359 ms)

AssetImportParameters requested are different than current active one (requested -> active):
  custom:graphics/normal-map-encoding: 01000000000000000000000000000000 -> 02000000000000000000000000000000
========================================================================
Received Import Request.
  Time since last request: 56.526405 seconds.
  path: Assets/Item Delete.cs
  artifactKey: Guid(2fe30bfea1115455293397609423d7bf) Importer(815301076,1909f56bfc062723c751e8b465ee728b)
Start importing Assets/Item Delete.cs using Guid(2fe30bfea1115455293397609423d7bf) Importer(815301076,1909f56bfc062723c751e8b465ee728b)  -> (artifact id: 'c29e3216460f4302ba01f6bd975c5809') in 0.004256 seconds
  Import took 0.007141 seconds .

========================================================================
Received Import Request.
  Time since last request: 504.676426 seconds.
  path: Assets/Item Delete.cs
  artifactKey: Guid(2fe30bfea1115455293397609423d7bf) Importer(815301076,1909f56bfc062723c751e8b465ee728b)
Start importing Assets/Item Delete.cs using Guid(2fe30bfea1115455293397609423d7bf) Importer(815301076,1909f56bfc062723c751e8b465ee728b)  -> (artifact id: 'b616e34cc922e29d10f6cad98ea5f436') in 0.002535 seconds
  Import took 0.006737 seconds .

========================================================================
Received Prepare
Registering precompiled user dll's ...
Registered in 0.000401 seconds.
Begin MonoManager ReloadAssembly
Native extension for OSXStandalone target not found
Refreshing native plugins compatible for Editor in 0.38 ms, found 1 plugins.
Preloading 0 native plugins for Editor in 0.00 ms.
Invoked RoslynAnalysisRunner static constructor.
RoslynAnalysisRunner will not be running.
RoslynAnalysisRunner has terminated.
Mono: successfully reloaded assembly
- Completed reload, in  0.961 seconds
Platform modules already initialized, skipping
Switching build target platform(2) subTarget(0) extendedPlatform(0) -> platform(9) subTarget(16777218) extendedPlatform(0)
Refreshing native plugins compatible for Editor in 0.25 ms, found 1 plugins.
Preloading 0 native plugins for Editor in 0.00 ms.
Unloading 1130 Unused Serialized files (Serialized files now loaded: 0)
System memory in use before: 139.8 MB.
System memory in use after: 139.9 MB.

Unloading 5 unused Assets to reduce memory usage. Loaded Objects now: 1629.
Total: 1.512047 ms (FindLiveObjects: 0.140551 ms CreateObjectMapping: 0.032876 ms MarkObjects: 1.257609 ms  DeleteObjects: 0.080094 ms)

AssetImportParameters requested are different than current active one (requested -> active):
  custom:graphics/normal-map-encoding: 01000000000000000000000000000000 -> 02000000000000000000000000000000
========================================================================
Received Prepare
Registering precompiled user dll's ...
Registered in 0.001517 seconds.
Begin MonoManager ReloadAssembly
Native extension for OSXStandalone target not found
Refreshing native plugins compatible for Editor in 0.29 ms, found 1 plugins.
Preloading 0 native plugins for Editor in 0.00 ms.
Invoked RoslynAnalysisRunner static constructor.
RoslynAnalysisRunner will not be running.
RoslynAnalysisRunner has terminated.
Mono: successfully reloaded assembly
- Completed reload, in  1.024 seconds
Platform modules already initialized, skipping
Switching build target platform(2) subTarget(0) extendedPlatform(0) -> platform(9) subTarget(16777218) extendedPlatform(0)
Refreshing native plugins compatible for Editor in 0.24 ms, found 1 plugins.
Preloading 0 native plugins for Editor in 0.00 ms.
Unloading 1130 Unused Serialized files (Serialized files now loaded: 0)
System memory in use before: 140.0 MB.
System memory in use after: 140.1 MB.

Unloading 5 unused Assets to reduce memory usage. Loaded Objects now: 1632.
Total: 1.672691 ms (FindLiveObjects: 0.191847 ms CreateObjectMapping: 0.043793 ms MarkObjects: 1.361732 ms  DeleteObjects: 0.072788 ms)

AssetImportParameters requested are different than current active one (requested -> active):
  custom:graphics/normal-map-encoding: 01000000000000000000000000000000 -> 02000000000000000000000000000000
========================================================================
Received Prepare
Registering precompiled user dll's ...
Registered in 0.000428 seconds.
Begin MonoManager ReloadAssembly
Native extension for OSXStandalone target not found
Refreshing native plugins compatible for Editor in 0.33 ms, found 1 plugins.
Preloading 0 native plugins for Editor in 0.00 ms.
Invoked RoslynAnalysisRunner static constructor.
RoslynAnalysisRunner will not be running.
RoslynAnalysisRunner has terminated.
Mono: successfully reloaded assembly
- Completed reload, in  1.002 seconds
Platform modules already initialized, skipping
Switching build target platform(2) subTarget(0) extendedPlatform(0) -> platform(9) subTarget(16777218) extendedPlatform(0)
Refreshing native plugins compatible for Editor in 0.26 ms, found 1 plugins.
Preloading 0 native plugins for Editor in 0.00 ms.
Unloading 1130 Unused Serialized files (Serialized files now loaded: 0)
System memory in use before: 140.2 MB.
System memory in use after: 140.3 MB.

Unloading 5 unused Assets to reduce memory usage. Loaded Objects now: 1635.
Total: 2.253026 ms (FindLiveObjects: 0.138257 ms CreateObjectMapping: 0.038528 ms MarkObjects: 1.963728 ms  DeleteObjects: 0.110131 ms)

AssetImportParameters requested are different than current active one (requested -> active):
  custom:graphics/normal-map-encoding: 01000000000000000000000000000000 -> 02000000000000000000000000000000
========================================================================
Received Import Request.
  Time since last request: 95.272339 seconds.
  path: Assets/Item Delete.cs
  artifactKey: Guid(2fe30bfea1115455293397609423d7bf) Importer(815301076,1909f56bfc062723c751e8b465ee728b)
Start importing Assets/Item Delete.cs using Guid(2fe30bfea1115455293397609423d7bf) Importer(815301076,1909f56bfc062723c751e8b465ee728b)  -> (artifact id: '13ca4b7ed3309c118d560ae750f2cac1') in 0.005034 seconds
  Import took 0.008919 seconds .

========================================================================
Received Import Request.
  Time since last request: 0.026218 seconds.
  path: Assets/Item Delete.cs
  artifactKey: Guid(2fe30bfea1115455293397609423d7bf) Importer(815301076,1909f56bfc062723c751e8b465ee728b)
Start importing Assets/Item Delete.cs using Guid(2fe30bfea1115455293397609423d7bf) Importer(815301076,1909f56bfc062723c751e8b465ee728b)  -> (artifact id: '13ca4b7ed3309c118d560ae750f2cac1') in 0.001701 seconds
  Import took 0.004605 seconds .

========================================================================
Received Prepare
Registering precompiled user dll's ...
Registered in 0.000664 seconds.
Begin MonoManager ReloadAssembly
Native extension for OSXStandalone target not found
Refreshing native plugins compatible for Editor in 0.27 ms, found 1 plugins.
Preloading 0 native plugins for Editor in 0.00 ms.
Invoked RoslynAnalysisRunner static constructor.
RoslynAnalysisRunner will not be running.
RoslynAnalysisRunner has terminated.
Mono: successfully reloaded assembly
- Completed reload, in  1.098 seconds
Platform modules already initialized, skipping
Switching build target platform(2) subTarget(0) extendedPlatform(0) -> platform(9) subTarget(16777218) extendedPlatform(0)
Refreshing native plugins compatible for Editor in 0.25 ms, found 1 plugins.
Preloading 0 native plugins for Editor in 0.00 ms.
Unloading 1129 Unused Serialized files (Serialized files now loaded: 0)
System memory in use before: 140.4 MB.
System memory in use after: 140.5 MB.

Unloading 6 unused Assets to reduce memory usage. Loaded Objects now: 1637.
Total: 2.331045 ms (FindLiveObjects: 0.239680 ms CreateObjectMapping: 0.083321 ms MarkObjects: 1.927173 ms  DeleteObjects: 0.079665 ms)

AssetImportParameters requested are different than current active one (requested -> active):
  custom:graphics/normal-map-encoding: 01000000000000000000000000000000 -> 02000000000000000000000000000000
========================================================================
Received Import Request.
  Time since last request: 360.299023 seconds.
  path: Assets/Item Delete.cs
  artifactKey: Guid(2fe30bfea1115455293397609423d7bf) Importer(815301076,1909f56bfc062723c751e8b465ee728b)
Start importing Assets/Item Delete.cs using Guid(2fe30bfea1115455293397609423d7bf) Importer(815301076,1909f56bfc062723c751e8b465ee728b)  -> (artifact id: 'cdd5ab58f7dd8f4446fb3aad444dca08') in 0.005330 seconds
  Import took 0.008819 seconds .

========================================================================
Received Import Request.
  Time since last request: 0.001622 seconds.
  path: Assets/Item Delete.cs
  artifactKey: Guid(2fe30bfea1115455293397609423d7bf) Importer(815301076,1909f56bfc062723c751e8b465ee728b)
Start importing Assets/Item Delete.cs using Guid(2fe30bfea1115455293397609423d7bf) Importer(815301076,1909f56bfc062723c751e8b465ee728b)  -> (artifact id: 'cdd5ab58f7dd8f4446fb3aad444dca08') in 0.001936 seconds
  Import took 0.005126 seconds .

========================================================================
Received Prepare
Registering precompiled user dll's ...
Registered in 0.000430 seconds.
Begin MonoManager ReloadAssembly
Native extension for OSXStandalone target not found
Refreshing native plugins compatible for Editor in 0.28 ms, found 1 plugins.
Preloading 0 native plugins for Editor in 0.00 ms.
Invoked RoslynAnalysisRunner static constructor.
RoslynAnalysisRunner will not be running.
RoslynAnalysisRunner has terminated.
Mono: successfully reloaded assembly
- Completed reload, in  0.981 seconds
Platform modules already initialized, skipping
Switching build target platform(2) subTarget(0) extendedPlatform(0) -> platform(9) subTarget(16777218) extendedPlatform(0)
Refreshing native plugins compatible for Editor in 0.27 ms, found 1 plugins.
Preloading 0 native plugins for Editor in 0.00 ms.
Unloading 1130 Unused Serialized files (Serialized files now loaded: 0)
System memory in use before: 140.7 MB.
System memory in use after: 140.7 MB.

Unloading 5 unused Assets to reduce memory usage. Loaded Objects now: 1641.
Total: 2.174349 ms (FindLiveObjects: 0.253930 ms CreateObjectMapping: 0.063768 ms MarkObjects: 1.772986 ms  DeleteObjects: 0.081166 ms)

AssetImportParameters requested are different than current active one (requested -> active):
  custom:graphics/normal-map-encoding: 01000000000000000000000000000000 -> 02000000000000000000000000000000
========================================================================
Received Import Request.
  Time since last request: 52.759047 seconds.
  path: Assets/Item Delete.cs
  artifactKey: Guid(2fe30bfea1115455293397609423d7bf) Importer(815301076,1909f56bfc062723c751e8b465ee728b)
Start importing Assets/Item Delete.cs using Guid(2fe30bfea1115455293397609423d7bf) Importer(815301076,1909f56bfc062723c751e8b465ee728b)  -> (artifact id: '0d31fd864cf04cede74c14ce5eebf9d7') in 0.005037 seconds
  Import took 0.007926 seconds .

========================================================================
Received Import Request.
  Time since last request: 0.026323 seconds.
  path: Assets/Item Delete.cs
  artifactKey: Guid(2fe30bfea1115455293397609423d7bf) Importer(815301076,1909f56bfc062723c751e8b465ee728b)
Start importing Assets/Item Delete.cs using Guid(2fe30bfea1115455293397609423d7bf) Importer(815301076,1909f56bfc062723c751e8b465ee728b)  -> (artifact id: '0d31fd864cf04cede74c14ce5eebf9d7') in 0.001760 seconds
  Import took 0.005363 seconds .

========================================================================
Received Prepare
Registering precompiled user dll's ...
Registered in 0.000710 seconds.
Begin MonoManager ReloadAssembly
Native extension for OSXStandalone target not found
Refreshing native plugins compatible for Editor in 0.46 ms, found 1 plugins.
Preloading 0 native plugins for Editor in 0.00 ms.
Invoked RoslynAnalysisRunner static constructor.
RoslynAnalysisRunner will not be running.
RoslynAnalysisRunner has terminated.
Mono: successfully reloaded assembly
- Completed reload, in  0.990 seconds
Platform modules already initialized, skipping
Switching build target platform(2) subTarget(0) extendedPlatform(0) -> platform(9) subTarget(16777218) extendedPlatform(0)
Refreshing native plugins compatible for Editor in 0.38 ms, found 1 plugins.
Preloading 0 native plugins for Editor in 0.00 ms.
Unloading 1130 Unused Serialized files (Serialized files now loaded: 0)
System memory in use before: 140.9 MB.
System memory in use after: 141.0 MB.

Unloading 5 unused Assets to reduce memory usage. Loaded Objects now: 1644.
Total: 1.911291 ms (FindLiveObjects: 0.336504 ms CreateObjectMapping: 0.101287 ms MarkObjects: 1.394805 ms  DeleteObjects: 0.076594 ms)

AssetImportParameters requested are different than current active one (requested -> active):
  custom:graphics/normal-map-encoding: 01000000000000000000000000000000 -> 02000000000000000000000000000000
========================================================================
Received Import Request.
  Time since last request: 62.130390 seconds.
  path: Assets/ItemDelete.cs
  artifactKey: Guid(2fe30bfea1115455293397609423d7bf) Importer(815301076,1909f56bfc062723c751e8b465ee728b)
Start importing Assets/ItemDelete.cs using Guid(2fe30bfea1115455293397609423d7bf) Importer(815301076,1909f56bfc062723c751e8b465ee728b)  -> (artifact id: '40cd6ca66b9c0d3315cd21e7ae1c0fcf') in 0.006030 seconds
  Import took 0.010552 seconds .

========================================================================
Received Prepare
Registering precompiled user dll's ...
Registered in 0.000535 seconds.
Begin MonoManager ReloadAssembly
Native extension for OSXStandalone target not found
Refreshing native plugins compatible for Editor in 0.26 ms, found 1 plugins.
Preloading 0 native plugins for Editor in 0.00 ms.
Invoked RoslynAnalysisRunner static constructor.
RoslynAnalysisRunner will not be running.
RoslynAnalysisRunner has terminated.
Mono: successfully reloaded assembly
- Completed reload, in  0.957 seconds
Platform modules already initialized, skipping
Switching build target platform(2) subTarget(0) extendedPlatform(0) -> platform(9) subTarget(16777218) extendedPlatform(0)
Refreshing native plugins compatible for Editor in 0.27 ms, found 1 plugins.
Preloading 0 native plugins for Editor in 0.00 ms.
Unloading 1130 Unused Serialized files (Serialized files now loaded: 0)
System memory in use before: 141.1 MB.
System memory in use after: 141.2 MB.

Unloading 5 unused Assets to reduce memory usage. Loaded Objects now: 1647.
Total: 1.792319 ms (FindLiveObjects: 0.273155 ms CreateObjectMapping: 0.043118 ms MarkObjects: 1.398955 ms  DeleteObjects: 0.075315 ms)

AssetImportParameters requested are different than current active one (requested -> active):
  custom:graphics/normal-map-encoding: 01000000000000000000000000000000 -> 02000000000000000000000000000000
========================================================================
Received Prepare
Registering precompiled user dll's ...
Registered in 0.000544 seconds.
Begin MonoManager ReloadAssembly
Native extension for OSXStandalone target not found
Refreshing native plugins compatible for Editor in 0.29 ms, found 1 plugins.
Preloading 0 native plugins for Editor in 0.00 ms.
Invoked RoslynAnalysisRunner static constructor.
RoslynAnalysisRunner will not be running.
RoslynAnalysisRunner has terminated.
Mono: successfully reloaded assembly
- Completed reload, in  1.021 seconds
Platform modules already initialized, skipping
Switching build target platform(2) subTarget(0) extendedPlatform(0) -> platform(9) subTarget(16777218) extendedPlatform(0)
Refreshing native plugins compatible for Editor in 0.44 ms, found 1 plugins.
Preloading 0 native plugins for Editor in 0.00 ms.
Unloading 1130 Unused Serialized files (Serialized files now loaded: 0)
System memory in use before: 141.4 MB.
System memory in use after: 141.4 MB.

Unloading 5 unused Assets to reduce memory usage. Loaded Objects now: 1650.
Total: 2.599230 ms (FindLiveObjects: 0.300380 ms CreateObjectMapping: 0.087625 ms MarkObjects: 2.084393 ms  DeleteObjects: 0.124803 ms)

AssetImportParameters requested are different than current active one (requested -> active):
  custom:graphics/normal-map-encoding: 01000000000000000000000000000000 -> 02000000000000000000000000000000
========================================================================
Received Import Request.
  Time since last request: 97.820299 seconds.
  path: Assets/TrafficConePrefab.prefab
  artifactKey: Guid(1457a7f94bce047e8b83ac9c4facaeaf) Importer(815301076,1909f56bfc062723c751e8b465ee728b)
Start importing Assets/TrafficConePrefab.prefab using Guid(1457a7f94bce047e8b83ac9c4facaeaf) Importer(815301076,1909f56bfc062723c751e8b465ee728b)  -> (artifact id: '4131c8879215fb9a8fc76f176f0e551d') in 1.526242 seconds
  Import took 1.528801 seconds .

========================================================================
Received Import Request.
  Time since last request: 1.594778 seconds.
  path: Assets/TrafficConePrefab.prefab
  artifactKey: Guid(1457a7f94bce047e8b83ac9c4facaeaf) Importer(815301076,1909f56bfc062723c751e8b465ee728b)
Start importing Assets/TrafficConePrefab.prefab using Guid(1457a7f94bce047e8b83ac9c4facaeaf) Importer(815301076,1909f56bfc062723c751e8b465ee728b)  -> (artifact id: '4131c8879215fb9a8fc76f176f0e551d') in 0.016054 seconds
  Import took 0.018689 seconds .

========================================================================
Received Import Request.
  Time since last request: 68.644213 seconds.
  path: Assets/Scenes
  artifactKey: Guid(8b359622fedeb401d9a8f552fe08ca4b) Importer(815301076,1909f56bfc062723c751e8b465ee728b)
Start importing Assets/Scenes using Guid(8b359622fedeb401d9a8f552fe08ca4b) Importer(815301076,1909f56bfc062723c751e8b465ee728b)  -> (artifact id: '81cbcdcdce6639e4e6b546aa9858a73a') in 0.002504 seconds
  Import took 0.005485 seconds .

========================================================================
Received Import Request.
  Time since last request: 0.001606 seconds.
  path: Assets/Scenes
  artifactKey: Guid(8b359622fedeb401d9a8f552fe08ca4b) Importer(815301076,1909f56bfc062723c751e8b465ee728b)
Start importing Assets/Scenes using Guid(8b359622fedeb401d9a8f552fe08ca4b) Importer(815301076,1909f56bfc062723c751e8b465ee728b)  -> (artifact id: '81cbcdcdce6639e4e6b546aa9858a73a') in 0.001384 seconds
  Import took 0.004180 seconds .

========================================================================
Received Prepare
Registering precompiled user dll's ...
Registered in 0.000592 seconds.
Begin MonoManager ReloadAssembly
Native extension for OSXStandalone target not found
Refreshing native plugins compatible for Editor in 0.25 ms, found 1 plugins.
Preloading 0 native plugins for Editor in 0.00 ms.
Invoked RoslynAnalysisRunner static constructor.
RoslynAnalysisRunner will not be running.
RoslynAnalysisRunner has terminated.
Mono: successfully reloaded assembly
- Completed reload, in  1.031 seconds
Platform modules already initialized, skipping
Switching build target platform(2) subTarget(0) extendedPlatform(0) -> platform(9) subTarget(16777218) extendedPlatform(0)
Refreshing native plugins compatible for Editor in 0.25 ms, found 1 plugins.
Preloading 0 native plugins for Editor in 0.00 ms.
Unloading 1130 Unused Serialized files (Serialized files now loaded: 0)
System memory in use before: 149.3 MB.
System memory in use after: 149.4 MB.

Unloading 5 unused Assets to reduce memory usage. Loaded Objects now: 1660.
Total: 1.748791 ms (FindLiveObjects: 0.153195 ms CreateObjectMapping: 0.040357 ms MarkObjects: 1.467679 ms  DeleteObjects: 0.086052 ms)

AssetImportParameters requested are different than current active one (requested -> active):
  custom:graphics/normal-map-encoding: 01000000000000000000000000000000 -> 02000000000000000000000000000000
========================================================================
Received Import Request.
  Time since last request: 8.417432 seconds.
  path: Assets/CarPrefab.prefab
  artifactKey: Guid(ef8404402f3dc4b95b55e25413655d4a) Importer(815301076,1909f56bfc062723c751e8b465ee728b)
Start importing Assets/CarPrefab.prefab using Guid(ef8404402f3dc4b95b55e25413655d4a) Importer(815301076,1909f56bfc062723c751e8b465ee728b)  -> (artifact id: '41af62f4b8b449070dc07f405c2e0f86') in 0.099366 seconds
  Import took 0.102286 seconds .

========================================================================
Received Import Request.
  Time since last request: 16.294993 seconds.
  path: Assets/CoinPrefab.prefab
  artifactKey: Guid(48cd1297f317d48ee947dd8536b3884a) Importer(815301076,1909f56bfc062723c751e8b465ee728b)
Start importing Assets/CoinPrefab.prefab using Guid(48cd1297f317d48ee947dd8536b3884a) Importer(815301076,1909f56bfc062723c751e8b465ee728b)  -> (artifact id: '406542efeee7dedeeec21a7c05f69d5f') in 0.018641 seconds
  Import took 0.023223 seconds .

========================================================================
Received Prepare
Registering precompiled user dll's ...
Registered in 0.000415 seconds.
Begin MonoManager ReloadAssembly
Native extension for OSXStandalone target not found
Refreshing native plugins compatible for Editor in 0.24 ms, found 1 plugins.
Preloading 0 native plugins for Editor in 0.00 ms.
Invoked RoslynAnalysisRunner static constructor.
RoslynAnalysisRunner will not be running.
RoslynAnalysisRunner has terminated.
Mono: successfully reloaded assembly
- Completed reload, in  0.970 seconds
Platform modules already initialized, skipping
Switching build target platform(2) subTarget(0) extendedPlatform(0) -> platform(9) subTarget(16777218) extendedPlatform(0)
Refreshing native plugins compatible for Editor in 0.24 ms, found 1 plugins.
Preloading 0 native plugins for Editor in 0.00 ms.
Unloading 1130 Unused Serialized files (Serialized files now loaded: 0)
System memory in use before: 149.6 MB.
System memory in use after: 149.7 MB.

Unloading 5 unused Assets to reduce memory usage. Loaded Objects now: 1664.
Total: 1.727900 ms (FindLiveObjects: 0.200973 ms CreateObjectMapping: 0.060590 ms MarkObjects: 1.361804 ms  DeleteObjects: 0.103335 ms)

AssetImportParameters requested are different than current active one (requested -> active):
  custom:graphics/normal-map-encoding: 01000000000000000000000000000000 -> 02000000000000000000000000000000
